<?xml version="1.0" encoding="UTF-8"?>
<!-- Generated by org.testng.reporters.JUnitXMLReporter -->
<testsuite ignored="7" hostname="DESKTOP-KUI21LC" failures="0" tests="4" name="Command line test" time="90.31" errors="0" timestamp="05 feb. 2021 06:59:15 GMT">
  <testcase classname="tests.TestLogin" name="loginInvalidMail" time="4.197"/>
  <testcase classname="tests.TestLogin" name="loginMailRequire" time="9.577"/>
  <testcase classname="tests.TestSearch" name="searchEmpty" time="1.987"/>
  <testcase classname="tests.TestSearch" name="searchShirt" time="2.375"/>
  <testcase classname="tests.TestHomeStatus" name="verifColor" time="0.0">
    <ignored/>
  </testcase> <!-- verifColor -->
  <testcase classname="tests.TestSearch" name="searchDress" time="0.0">
    <ignored/>
  </testcase> <!-- searchDress -->
  <testcase classname="tests.TestMisc" name="productDet" time="0.0">
    <ignored/>
  </testcase> <!-- productDet -->
  <testcase classname="tests.TestSearch" name="searchCantShirt" time="0.0">
    <ignored/>
  </testcase> <!-- searchCantShirt -->
  <testcase classname="tests.TestHomeStatus" name="bloqueInf" time="0.0">
    <ignored/>
  </testcase> <!-- bloqueInf -->
  <testcase classname="tests.TestSearch" name="searchCantDress" time="0.0">
    <ignored/>
  </testcase> <!-- searchCantDress -->
  <testcase classname="tests.TestSearch" name="searchWomen" time="0.0">
    <ignored/>
  </testcase> <!-- searchWomen -->
</testsuite> <!-- Command line test -->
