<?xml version="1.0" encoding="UTF-8"?>
<testng-results ignored="10" total="11" passed="1" failed="0" skipped="0">
  <reporter-output>
  </reporter-output>
  <suite started-at="2021-02-04T05:29:55Z" name="tests.Tests" finished-at="2021-02-04T05:30:05Z" duration-ms="9662">
    <groups>
    </groups>
    <test started-at="2021-02-04T05:29:55Z" name="Command line test" finished-at="2021-02-04T05:30:05Z" duration-ms="9662">
      <class name="tests.Tests">
        <test-method is-config="true" signature="setUp()[pri:0, instance:tests.Tests@1e7c7811]" started-at="2021-02-04T05:29:55Z" name="setUp" finished-at="2021-02-04T05:30:05Z" duration-ms="9407" status="PASS">
          <reporter-output>
          </reporter-output>
        </test-method> <!-- setUp -->
        <test-method signature="bloqueInf()[pri:0, instance:tests.Tests@1e7c7811]" started-at="2021-02-04T05:30:05Z" name="bloqueInf" description="Verificando formato de elementos en el bloque inferior de informacion CMS" finished-at="2021-02-04T05:30:05Z" duration-ms="93" status="PASS">
          <reporter-output>
          </reporter-output>
        </test-method> <!-- bloqueInf -->
        <test-method is-config="true" signature="tearDown()[pri:0, instance:tests.Tests@1e7c7811]" started-at="2021-02-04T05:30:05Z" name="tearDown" finished-at="2021-02-04T05:30:05Z" duration-ms="129" status="PASS">
          <reporter-output>
          </reporter-output>
        </test-method> <!-- tearDown -->
      </class> <!-- tests.Tests -->
    </test> <!-- Command line test -->
  </suite> <!-- tests.Tests -->
</testng-results>
