<?xml version="1.0" encoding="UTF-8"?>
<!-- Generated by org.testng.reporters.JUnitXMLReporter -->
<testsuite ignored="10" hostname="DESKTOP-KUI21LC" failures="0" tests="1" name="Command line test" time="9.662" errors="0" timestamp="04 feb. 2021 05:30:05 GMT">
  <testcase classname="tests.Tests" name="bloqueInf" time="0.093"/>
  <testcase classname="tests.Tests" name="searchWomen" time="0.0">
    <ignored/>
  </testcase> <!-- searchWomen -->
  <testcase classname="tests.Tests" name="searchCantShirt" time="0.0">
    <ignored/>
  </testcase> <!-- searchCantShirt -->
  <testcase classname="tests.Tests" name="verifColor" time="0.0">
    <ignored/>
  </testcase> <!-- verifColor -->
  <testcase classname="tests.Tests" name="searchEmpty" time="0.0">
    <ignored/>
  </testcase> <!-- searchEmpty -->
  <testcase classname="tests.Tests" name="productDet" time="0.0">
    <ignored/>
  </testcase> <!-- productDet -->
  <testcase classname="tests.Tests" name="loginInvalidMail" time="0.0">
    <ignored/>
  </testcase> <!-- loginInvalidMail -->
  <testcase classname="tests.Tests" name="loginMailRequire" time="0.0">
    <ignored/>
  </testcase> <!-- loginMailRequire -->
  <testcase classname="tests.Tests" name="searchDress" time="0.0">
    <ignored/>
  </testcase> <!-- searchDress -->
  <testcase classname="tests.Tests" name="searchCantDress" time="0.0">
    <ignored/>
  </testcase> <!-- searchCantDress -->
  <testcase classname="tests.Tests" name="searchShirt" time="0.0">
    <ignored/>
  </testcase> <!-- searchShirt -->
</testsuite> <!-- Command line test -->
